This is pdfTeX, Version 3.14159265-2.6-1.40.20 (TeX Live 2019/Debian) (preloaded format=pdfetex 2024.3.15)  27 OCT 2025 02:40
entering extended mode
 restricted \write18 enabled.
 file:line:error style messages enabled.
 %&-line parsing enabled.
**\nonstopmode \input ./bil.texi \input ./bil.texi
(./bil.texi (/usr/share/texmf/tex/texinfo/texinfo.tex
Loading texinfo [version 2019-09-20.22]:
\outerhsize=\dimen16
\outervsize=\dimen17
\topandbottommargin=\dimen18
\bindingoffset=\dimen19
\normaloffset=\dimen20
\txipagewidth=\dimen21
\txipageheight=\dimen22
\defaultoutput=\toks13
\headlinebox=\box16
\footlinebox=\box17
\savedtopmark=\toks14
\margin=\insert252
\EMsimple=\toks15
\groupbox=\box18
\groupinvalidhelp=\toks16
\mil=\dimen23
\exdentamount=\skip18
\inmarginspacing=\skip19
\centerpenalty=\count27
 pdf,
\tempnum=\count28
\lnkcount=\count29
\filename=\toks17
\filenamelength=\count30
\pgn=\count31
\toksA=\toks18
\toksB=\toks19
\toksC=\toks20
\toksD=\toks21
\boxA=\box19
\boxB=\box20
\countA=\count32
\nopdfimagehelp=\toks22
 fonts,
\textleading=\dimen24
\sffam=\fam8
 markup,
\fontdepth=\count33
 glyphs,
\errorbox=\box21

page headings,
\titlepagetopglue=\skip20
\titlepagebottomglue=\skip21
\evenheadline=\toks23
\oddheadline=\toks24
\evenfootline=\toks25
\oddfootline=\toks26
 tables,
\tableindent=\dimen25
\itemindent=\dimen26
\itemmargin=\dimen27
\itemmax=\dimen28
\itemno=\count34
\multitableparskip=\skip22
\multitableparindent=\skip23
\multitablecolspace=\dimen29
\multitablelinespace=\skip24
\colcount=\count35
\everytab=\toks27
 conditionals,
\doignorecount=\count36
 indexing,
\dummybox=\box22
\whatsitskip=\skip25
\whatsitpenalty=\count37
\entryrightmargin=\dimen30
\thinshrinkable=\skip26
\partialpage=\box23
\doublecolumnhsize=\dimen31
\balancedcolumns=\box24
 sectioning,
\unnumberedno=\count38
\chapno=\count39
\secno=\count40
\subsecno=\count41
\subsubsecno=\count42
\appendixno=\count43
\absseclevel=\count44
\secbase=\count45
\chapheadingskip=\skip27
\secheadingskip=\skip28
\subsecheadingskip=\skip29
 toc,
\tocfile=\write0
\contentsrightmargin=\skip30
\savepageno=\count46
\lastnegativepageno=\count47
\tocindent=\dimen32
 environments,
\lispnarrowing=\skip31
\envskipamount=\skip32
\lskip=\skip33
\rskip=\skip34
\circthick=\dimen33
\cartouter=\dimen34
\cartinner=\dimen35
\normbskip=\skip35
\normpskip=\skip36
\normlskip=\skip37
\nonfillparindent=\dimen36
\tabw=\dimen37
\verbbox=\box25

defuns,
\defbodyindent=\skip38
\defargsindent=\skip39
\deflastargmargin=\skip40
\defunpenalty=\count48
\parencount=\count49
\brackcount=\count50
 macros,
\paramno=\count51
\macname=\toks28
 cross references,
\auxfile=\write1
\savesfregister=\count52
\toprefbox=\box26
\printedrefnamebox=\box27
\infofilenamebox=\box28
\printedmanualbox=\box29
 insertions,
\footnoteno=\count53
\SAVEfootins=\box30
\SAVEmargin=\box31

(/usr/share/texlive/texmf-dist/tex/generic/epsf/epsf.tex
This is `epsf.tex' v2.7.4 <14 February 2011>
\epsffilein=\read1
\epsfframemargin=\dimen38
\epsfframethickness=\dimen39
\epsfrsize=\dimen40
\epsftmp=\dimen41
\epsftsize=\dimen42
\epsfxsize=\dimen43
\epsfysize=\dimen44
\pspoints=\dimen45
)
\noepsfhelp=\toks29
 localization,
\nolanghelp=\toks30
\countUTFx=\count54
\countUTFy=\count55
\countUTFz=\count56
 formatting,
\defaultparindent=\dimen46
 and turning on texinfo input format.)
texinfo.tex: doing @include of version.texi


(/home/dangla/Documents/Softwares/bil/bil-master/doc/edition/version.texi)
(/usr/share/texmf/tex/texinfo/txi-en.tex)
@tpindfile=@write2
\openout2 = `bil.tp'.


Writing index file bil.tp
[1{/var/lib/texmf/fonts/map/pdftex/updmap/pdftex.map}] [2]
(/home/dangla/Documents/Softwares/bil/bil-master/doc/edition/bil.toc) [-1]
[-2] (/home/dangla/Documents/Softwares/bil/bil-master/doc/edition/bil.toc)
(/home/dangla/Documents/Softwares/bil/bil-master/doc/edition/bil.toc)
(Copying conditions)
\openout0 = `bil.toc'.


(/home/dangla/Documents/Softwares/bil/bil-master/doc/edition/bil.aux)
\openout1 = `bil.aux'.

texinfo.tex: doing @include of copying.texi


(/home/dangla/Documents/Softwares/bil/bil-master/doc/edition/copying.texi
@cpindfile=@write3
\openout3 = `bil.cp'.


Writing index file bil.cp

Underfull \hbox (badness 10000) in paragraph at lines 35--36
[]@textrm The source code of Bil (for Linux) can be down-loaded from the web-pa
ge

@hbox(8.2125+2.73749)x455.24408, glue set 4.90546
.@hbox(0.0+0.0)x0.0
.@textrm T
.@textrm h
.@textrm e
.@glue 3.65 plus 1.825 minus 1.21666
.etc.

) Chapter 1 [1] [2] Chapter 2 [3] [4] Chapter 3 [5] [6] Chapter 4 [7] [8]
Chapter 5 [9] [10] Chapter 6 [11] [12] Chapter 7 [13] [14] Chapter 8 [15]
[16]
Underfull \hbox (badness 10000) in paragraph at lines 445--445
@texttt Type = affine Value = 1.e5 Gradient =

@hbox(6.69167+2.43333)x204.85844
.@texttt T
.@texttt y
.@texttt p
.@texttt e
.@glue(@spaceskip) 3.65
.etc.


Underfull \hbox (badness 10000) in paragraph at lines 446--446
@texttt Type = affine Value = 1.e5 Gradient =

@hbox(6.69167+2.43333)x204.85844
.@texttt T
.@texttt y
.@texttt p
.@texttt e
.@glue(@spaceskip) 3.65
.etc.


Underfull \hbox (badness 10000) in paragraph at lines 466--466
@texttt Region = 1 Unknown = p_l Field = 2

@hbox(6.69167+2.43333)x204.85844
.@texttt R
.@texttt e
.@texttt g
.@texttt i
.@texttt o
.etc.

[17] Chapter 9 [18]
texinfo.tex: doing @verbatiminclude of ../../CHANGELOG

 (../../CHANGELOG [19] [20] [21]) Appendix A [22]
texinfo.tex: doing @verbatiminclude of ../../LICENSE


(../../LICENSE [23] [24] [25] [26] [27] [28] [29] [30] [31] [32] [33] [34])
[35] [36] ) 
Here is how much of TeX's memory you used:
 3293 strings out of 496993
 34471 string characters out of 6204043
 77896 words of memory out of 5000000
 4355 multiletter control sequences out of 15000+600000
 34203 words of font info for 119 fonts, out of 8000000 for 9000
 96 hyphenation exceptions out of 8191
 16i,6n,16p,1061b,596s stack positions out of 5000i,500n,10000p,200000b,80000s
</usr/share/texlive/texmf-dist/fonts/type1/public/amsfonts/cm/cmb10.
pfb></usr/share/texlive/texmf-dist/fonts/type1/public/amsfonts/cm/cmbx12.pfb></
usr/share/texlive/texmf-dist/fonts/type1/public/amsfonts/cm/cmmi10.pfb></usr/sh
are/texlive/texmf-dist/fonts/type1/public/amsfonts/cm/cmmi12.pfb></usr/share/te
xlive/texmf-dist/fonts/type1/public/amsfonts/cm/cmmi7.pfb></usr/share/texlive/t
exmf-dist/fonts/type1/public/amsfonts/cm/cmr10.pfb></usr/share/texlive/texmf-di
st/fonts/type1/public/amsfonts/cm/cmr7.pfb></usr/share/texlive/texmf-dist/fonts
/type1/public/amsfonts/cm/cmr9.pfb></usr/share/texlive/texmf-dist/fonts/type1/p
ublic/amsfonts/cm/cmsl10.pfb></usr/share/texlive/texmf-dist/fonts/type1/public/
amsfonts/cm/cmsltt10.pfb></usr/share/texlive/texmf-dist/fonts/type1/public/amsf
onts/cm/cmsy10.pfb></usr/share/texlive/texmf-dist/fonts/type1/public/amsfonts/c
m/cmsy7.pfb></usr/share/texlive/texmf-dist/fonts/type1/public/amsfonts/cm/cmtt1
0.pfb>
Output written on bil.pdf (40 pages, 200468 bytes).
PDF statistics:
 313 PDF objects out of 1000 (max. 8388607)
 252 compressed objects within 3 object streams
 50 named destinations out of 1000 (max. 500000)
 109 words of extra memory for PDF output out of 10000 (max. 10000000)

